<?xml version="1.0" encoding="UTF-8"?>
<!-- Generated by org.testng.reporters.JUnitReportReporter -->
<testsuite hostname="DESKTOP-OE45J9V" failures="0" tests="1" name="practiceRestAssuredTC1.CreateResource" time="1.752" errors="0" timestamp="2022-02-10T22:40:48 IST" skipped="0">
  <testcase classname="practiceRestAssuredTC1.CreateResource" name="createresource" time="1.752"/>
  <system-out/>
</testsuite> <!-- practiceRestAssuredTC1.CreateResource -->
