<?xml version="1.0" encoding="UTF-8"?>
<!-- Generated by org.testng.reporters.JUnitReportReporter -->
<testsuite hostname="DESKTOP-OE45J9V" failures="0" tests="1" name="EndtoEndscenario.EndtoEndsc1" time="1.722" errors="0" timestamp="2022-02-11T22:35:08 IST" skipped="0">
  <testcase classname="EndtoEndscenario.EndtoEndsc1" name="endtoend" time="1.722"/>
  <system-out/>
</testsuite> <!-- EndtoEndscenario.EndtoEndsc1 -->
