<?xml version="1.0" encoding="UTF-8"?>
<!-- Generated by org.testng.reporters.JUnitReportReporter -->
<testsuite hostname="DESKTOP-OE45J9V" failures="0" tests="1" name="practiceRestAssuredTC1.UpdateResource" time="1.817" errors="0" timestamp="2022-02-10T22:41:19 IST" skipped="0">
  <testcase classname="practiceRestAssuredTC1.UpdateResource" name="updateresource" time="1.817"/>
  <system-out/>
</testsuite> <!-- practiceRestAssuredTC1.UpdateResource -->
