<?xml version="1.0" encoding="UTF-8"?>
<!-- Generated by org.testng.reporters.JUnitReportReporter -->
<testsuite hostname="DESKTOP-OE45J9V" failures="0" tests="1" name="practiceonusersenarios.UserShouldCreated" time="1.960" errors="0" timestamp="2022-02-11T22:22:04 IST" skipped="0">
  <testcase classname="practiceonusersenarios.UserShouldCreated" name="usercreation" time="1.960"/>
  <system-out/>
</testsuite> <!-- practiceonusersenarios.UserShouldCreated -->
