<?xml version="1.0" encoding="UTF-8"?>
<!-- Generated by org.testng.reporters.JUnitReportReporter -->
<testsuite hostname="DESKTOP-OE45J9V" failures="0" tests="1" name="practiceonusersenarios.UserisnotCreated" time="2.027" errors="0" timestamp="2022-02-11T22:26:58 IST" skipped="0">
  <testcase classname="practiceonusersenarios.UserisnotCreated" name="usernotcreated" time="2.027"/>
  <system-out/>
</testsuite> <!-- practiceonusersenarios.UserisnotCreated -->
