<?xml version="1.0" encoding="UTF-8"?>
<!-- Generated by org.testng.reporters.JUnitReportReporter -->
<testsuite hostname="DESKTOP-OE45J9V" failures="0" tests="1" name="EndtoEndscenario.E2EVerifyprojectId" time="2.155" errors="0" timestamp="2022-02-11T22:51:44 IST" skipped="0">
  <testcase classname="EndtoEndscenario.E2EVerifyprojectId" name="e2everifyproid" time="2.155"/>
  <system-out/>
</testsuite> <!-- EndtoEndscenario.E2EVerifyprojectId -->
